{"numFailedTestSuites":2,"numFailedTests":6,"numPassedTestSuites":2,"numPassedTests":176,"numPendingTestSuites":0,"numPendingTests":0,"numRuntimeErrorTestSuites":0,"numTodoTests":0,"numTotalTestSuites":4,"numTotalTests":182,"openHandles":[],"snapshot":{"added":0,"didUpdate":false,"failure":false,"filesAdded":0,"filesRemoved":0,"filesRemovedList":[],"filesUnmatched":0,"filesUpdated":0,"matched":0,"total":0,"unchecked":0,"uncheckedKeysByFile":[],"unmatched":0,"updated":0},"startTime":1762756035803,"success":false,"testResults":[{"assertionResults":[{"ancestorTitles":["AuctionStore","Initialization (F1)"],"duration":6,"failureDetails":[],"failureMessages":[],"fullName":"AuctionStore Initialization (F1) should create store with default state","invocations":1,"location":null,"numPassingAsserts":11,"retryReasons":[],"status":"passed","title":"should create store with default state"},{"ancestorTitles":["AuctionStore","Initialization (F1)"],"duration":11,"failureDetails":[{}],"failureMessages":["Error: SqliteError: NOT NULL constraint failed: items.category_id\n    at /Volumes/Unify/andojo/andojo-monorepo/apps/auction/src/models/AuctionStore.ts:359:17\n    at Generator.next (<anonymous>)\n    at next (/Volumes/Unify/andojo/andojo-monorepo/node_modules/mobx-state-tree/dist/mobx-state-tree.js:4472:69)\n    at apply (/Volumes/Unify/andojo/andojo-monorepo/node_modules/mobx/dist/mobx.cjs.development.js:1088:15)\n    at executeAction (/Volumes/Unify/andojo/andojo-monorepo/node_modules/mobx/dist/mobx.cjs.development.js:1076:12)\n    at apply (/Volumes/Unify/andojo/andojo-monorepo/node_modules/mobx-state-tree/dist/mobx-state-tree.js:3290:40)\n    at runMiddleWares (/Volumes/Unify/andojo/andojo-monorepo/node_modules/mobx-state-tree/dist/mobx-state-tree.js:3133:16)\n    at runWithActionContext (/Volumes/Unify/andojo/andojo-monorepo/node_modules/mobx-state-tree/dist/mobx-state-tree.js:4458:20)\n    at wrap (/Volumes/Unify/andojo/andojo-monorepo/node_modules/mobx-state-tree/dist/mobx-state-tree.js:4472:39)\n    at processTicksAndRejections (node:internal/process/task_queues:95:5)"],"fullName":"AuctionStore Initialization (F1) should initialize database successfully","invocations":1,"location":null,"numPassingAsserts":0,"retryReasons":[],"status":"failed","title":"should initialize database successfully"},{"ancestorTitles":["AuctionStore","Initialization (F1)"],"duration":4,"failureDetails":[{"matcherResult":{"message":"expect(received).toBeGreaterThan(expected)\n\nExpected: > 0\nReceived:   0","pass":false}}],"failureMessages":["Error: expect(received).toBeGreaterThan(expected)\n\nExpected: > 0\nReceived:   0\n    at Object.toBeGreaterThan (/Volumes/Unify/andojo/andojo-monorepo/apps/auction/src/__tests__/unit/auction-store.test.ts:40:34)\n    at Generator.next (<anonymous>)\n    at asyncGeneratorStep (/Volumes/Unify/andojo/andojo-monorepo/node_modules/@babel/runtime/helpers/asyncToGenerator.js:3:17)\n    at _next (/Volumes/Unify/andojo/andojo-monorepo/node_modules/@babel/runtime/helpers/asyncToGenerator.js:17:9)\n    at processTicksAndRejections (node:internal/process/task_queues:95:5)"],"fullName":"AuctionStore Initialization (F1) should load all data successfully","invocations":1,"location":null,"numPassingAsserts":2,"retryReasons":[],"status":"failed","title":"should load all data successfully"},{"ancestorTitles":["AuctionStore","Initialization (F1)"],"duration":3,"failureDetails":[],"failureMessages":[],"fullName":"AuctionStore Initialization (F1) should handle initialization errors gracefully","invocations":1,"location":null,"numPassingAsserts":2,"retryReasons":[],"status":"passed","title":"should handle initialization errors gracefully"},{"ancestorTitles":["AuctionStore","Session Management (F2)"],"duration":2,"failureDetails":[{}],"failureMessages":["Error: [mobx-state-tree] A node cannot exists twice in the state tree. Failed to add Session@/sessions/0(id: 1) to path '/currentSession'.\n    at fail$1 (/Volumes/Unify/andojo/andojo-monorepo/node_modules/mobx-state-tree/dist/mobx-state-tree.js:3888:12)\n    at ObjectNode.fail$1 (/Volumes/Unify/andojo/andojo-monorepo/node_modules/mobx-state-tree/dist/mobx-state-tree.js:1749:27)\n    at ModelType.setParent (/Volumes/Unify/andojo/andojo-monorepo/node_modules/mobx-state-tree/dist/mobx-state-tree.js:2561:25)\n    at Union.reconcile (/Volumes/Unify/andojo/andojo-monorepo/node_modules/mobx-state-tree/dist/mobx-state-tree.js:7026:25)\n    at Array.reconcile (/Volumes/Unify/andojo/andojo-monorepo/node_modules/mobx-state-tree/dist/mobx-state-tree.js:6237:45)\n    at interceptChange (/Volumes/Unify/andojo/andojo-monorepo/node_modules/mobx/dist/mobx.cjs.development.js:3296:31)\n    at ObservableObjectAdministration.interceptChange [as setObservablePropValue_] (/Volumes/Unify/andojo/andojo-monorepo/node_modules/mobx/dist/mobx.cjs.development.js:4569:20)\n    at ObservableObjectAdministration.setObservablePropValue_ [as set_] (/Volumes/Unify/andojo/andojo-monorepo/node_modules/mobx/dist/mobx.cjs.development.js:4630:21)\n    at Object.set_ [as set] (/Volumes/Unify/andojo/andojo-monorepo/node_modules/mobx/dist/mobx.cjs.development.js:3239:43)\n    at /Volumes/Unify/andojo/andojo-monorepo/apps/auction/src/models/AuctionStore.ts:429:28\n    at Generator.next (<anonymous>)\n    at next (/Volumes/Unify/andojo/andojo-monorepo/node_modules/mobx-state-tree/dist/mobx-state-tree.js:4472:69)\n    at apply (/Volumes/Unify/andojo/andojo-monorepo/node_modules/mobx/dist/mobx.cjs.development.js:1088:15)\n    at executeAction (/Volumes/Unify/andojo/andojo-monorepo/node_modules/mobx/dist/mobx.cjs.development.js:1076:12)\n    at apply (/Volumes/Unify/andojo/andojo-monorepo/node_modules/mobx-state-tree/dist/mobx-state-tree.js:3290:40)\n    at runMiddleWares (/Volumes/Unify/andojo/andojo-monorepo/node_modules/mobx-state-tree/dist/mobx-state-tree.js:3133:16)\n    at runWithActionContext (/Volumes/Unify/andojo/andojo-monorepo/node_modules/mobx-state-tree/dist/mobx-state-tree.js:4458:20)\n    at wrap (/Volumes/Unify/andojo/andojo-monorepo/node_modules/mobx-state-tree/dist/mobx-state-tree.js:4472:39)\n    at processTicksAndRejections (node:internal/process/task_queues:95:5)"],"fullName":"AuctionStore Session Management (F2) should create session successfully","invocations":1,"location":null,"numPassingAsserts":0,"retryReasons":[],"status":"failed","title":"should create session successfully"},{"ancestorTitles":["AuctionStore","Session Management (F2)"],"duration":1,"failureDetails":[{}],"failureMessages":["Error: [mobx-state-tree] A node cannot exists twice in the state tree. Failed to add Session@/sessions/0(id: 2) to path '/currentSession'.\n    at fail$1 (/Volumes/Unify/andojo/andojo-monorepo/node_modules/mobx-state-tree/dist/mobx-state-tree.js:3888:12)\n    at ObjectNode.fail$1 (/Volumes/Unify/andojo/andojo-monorepo/node_modules/mobx-state-tree/dist/mobx-state-tree.js:1749:27)\n    at ModelType.setParent (/Volumes/Unify/andojo/andojo-monorepo/node_modules/mobx-state-tree/dist/mobx-state-tree.js:2561:25)\n    at Union.reconcile (/Volumes/Unify/andojo/andojo-monorepo/node_modules/mobx-state-tree/dist/mobx-state-tree.js:7026:25)\n    at Array.reconcile (/Volumes/Unify/andojo/andojo-monorepo/node_modules/mobx-state-tree/dist/mobx-state-tree.js:6237:45)\n    at interceptChange (/Volumes/Unify/andojo/andojo-monorepo/node_modules/mobx/dist/mobx.cjs.development.js:3296:31)\n    at ObservableObjectAdministration.interceptChange [as setObservablePropValue_] (/Volumes/Unify/andojo/andojo-monorepo/node_modules/mobx/dist/mobx.cjs.development.js:4569:20)\n    at ObservableObjectAdministration.setObservablePropValue_ [as set_] (/Volumes/Unify/andojo/andojo-monorepo/node_modules/mobx/dist/mobx.cjs.development.js:4630:21)\n    at Object.set_ [as set] (/Volumes/Unify/andojo/andojo-monorepo/node_modules/mobx/dist/mobx.cjs.development.js:3239:43)\n    at /Volumes/Unify/andojo/andojo-monorepo/apps/auction/src/models/AuctionStore.ts:429:28\n    at Generator.next (<anonymous>)\n    at next (/Volumes/Unify/andojo/andojo-monorepo/node_modules/mobx-state-tree/dist/mobx-state-tree.js:4472:69)\n    at apply (/Volumes/Unify/andojo/andojo-monorepo/node_modules/mobx/dist/mobx.cjs.development.js:1088:15)\n    at executeAction (/Volumes/Unify/andojo/andojo-monorepo/node_modules/mobx/dist/mobx.cjs.development.js:1076:12)\n    at apply (/Volumes/Unify/andojo/andojo-monorepo/node_modules/mobx-state-tree/dist/mobx-state-tree.js:3290:40)\n    at runMiddleWares (/Volumes/Unify/andojo/andojo-monorepo/node_modules/mobx-state-tree/dist/mobx-state-tree.js:3133:16)\n    at runWithActionContext (/Volumes/Unify/andojo/andojo-monorepo/node_modules/mobx-state-tree/dist/mobx-state-tree.js:4458:20)\n    at wrap (/Volumes/Unify/andojo/andojo-monorepo/node_modules/mobx-state-tree/dist/mobx-state-tree.js:4472:39)\n    at processTicksAndRejections (node:internal/process/task_queues:95:5)"],"fullName":"AuctionStore Session Management (F2) should end session successfully","invocations":1,"location":null,"numPassingAsserts":0,"retryReasons":[],"status":"failed","title":"should end session successfully"},{"ancestorTitles":["AuctionStore","Session Management (F2)"],"duration":3,"failureDetails":[],"failureMessages":[],"fullName":"AuctionStore Session Management (F2) should set current user","invocations":1,"location":null,"numPassingAsserts":2,"retryReasons":[],"status":"passed","title":"should set current user"},{"ancestorTitles":["AuctionStore","Session Management (F2)"],"duration":4,"failureDetails":[],"failureMessages":[],"fullName":"AuctionStore Session Management (F2) should throw error when setting non-existent user","invocations":1,"location":null,"numPassingAsserts":1,"retryReasons":[],"status":"passed","title":"should throw error when setting non-existent user"},{"ancestorTitles":["AuctionStore","Session Management (F2)"],"duration":2,"failureDetails":[],"failureMessages":[],"fullName":"AuctionStore Session Management (F2) should clear current user when setting to null","invocations":1,"location":null,"numPassingAsserts":1,"retryReasons":[],"status":"passed","title":"should clear current user when setting to null"},{"ancestorTitles":["AuctionStore","Browse/Search Items (F3)"],"duration":3,"failureDetails":[],"failureMessages":[],"fullName":"AuctionStore Browse/Search Items (F3) should search items by keyword","invocations":1,"location":null,"numPassingAsserts":2,"retryReasons":[],"status":"passed","title":"should search items by keyword"},{"ancestorTitles":["AuctionStore","Browse/Search Items (F3)"],"duration":2,"failureDetails":[],"failureMessages":[],"fullName":"AuctionStore Browse/Search Items (F3) should search items by category","invocations":1,"location":null,"numPassingAsserts":2,"retryReasons":[],"status":"passed","title":"should search items by category"},{"ancestorTitles":["AuctionStore","Browse/Search Items (F3)"],"duration":2,"failureDetails":[],"failureMessages":[],"fullName":"AuctionStore Browse/Search Items (F3) should search items by seller","invocations":1,"location":null,"numPassingAsserts":1,"retryReasons":[],"status":"passed","title":"should search items by seller"},{"ancestorTitles":["AuctionStore","Browse/Search Items (F3)"],"duration":2,"failureDetails":[],"failureMessages":[],"fullName":"AuctionStore Browse/Search Items (F3) should search items by auction flag","invocations":1,"location":null,"numPassingAsserts":1,"retryReasons":[],"status":"passed","title":"should search items by auction flag"},{"ancestorTitles":["AuctionStore","Browse/Search Items (F3)"],"duration":3,"failureDetails":[],"failureMessages":[],"fullName":"AuctionStore Browse/Search Items (F3) should combine multiple search filters","invocations":1,"location":null,"numPassingAsserts":2,"retryReasons":[],"status":"passed","title":"should combine multiple search filters"},{"ancestorTitles":["AuctionStore","Browse/Search Items (F3)"],"duration":2,"failureDetails":[],"failureMessages":[],"fullName":"AuctionStore Browse/Search Items (F3) should set selected item","invocations":1,"location":null,"numPassingAsserts":0,"retryReasons":[],"status":"passed","title":"should set selected item"},{"ancestorTitles":["AuctionStore","Browse/Search Items (F3)"],"duration":1,"failureDetails":[],"failureMessages":[],"fullName":"AuctionStore Browse/Search Items (F3) should clear selected item","invocations":1,"location":null,"numPassingAsserts":1,"retryReasons":[],"status":"passed","title":"should clear selected item"},{"ancestorTitles":["AuctionStore","Browse/Search Items (F3)"],"duration":3,"failureDetails":[],"failureMessages":[],"fullName":"AuctionStore Browse/Search Items (F3) should set selected category","invocations":1,"location":null,"numPassingAsserts":2,"retryReasons":[],"status":"passed","title":"should set selected category"},{"ancestorTitles":["AuctionStore","Item Detail View (F4)"],"duration":2,"failureDetails":[],"failureMessages":[],"fullName":"AuctionStore Item Detail View (F4) should load item detail with seller and category","invocations":1,"location":null,"numPassingAsserts":4,"retryReasons":[],"status":"passed","title":"should load item detail with seller and category"},{"ancestorTitles":["AuctionStore","Item Detail View (F4)"],"duration":3,"failureDetails":[],"failureMessages":[],"fullName":"AuctionStore Item Detail View (F4) should handle non-existent item gracefully","invocations":1,"location":null,"numPassingAsserts":1,"retryReasons":[],"status":"passed","title":"should handle non-existent item gracefully"},{"ancestorTitles":["AuctionStore","Bidding Simulation (F5)"],"duration":5,"failureDetails":[],"failureMessages":[],"fullName":"AuctionStore Bidding Simulation (F5) should place bid successfully","invocations":1,"location":null,"numPassingAsserts":4,"retryReasons":[],"status":"passed","title":"should place bid successfully"},{"ancestorTitles":["AuctionStore","Bidding Simulation (F5)"],"duration":4,"failureDetails":[],"failureMessages":[],"fullName":"AuctionStore Bidding Simulation (F5) should reject bid below minimum","invocations":1,"location":null,"numPassingAsserts":1,"retryReasons":[],"status":"passed","title":"should reject bid below minimum"},{"ancestorTitles":["AuctionStore","Bidding Simulation (F5)"],"duration":5,"failureDetails":[],"failureMessages":[],"fullName":"AuctionStore Bidding Simulation (F5) should reject bid on non-auction item","invocations":1,"location":null,"numPassingAsserts":1,"retryReasons":[],"status":"passed","title":"should reject bid on non-auction item"},{"ancestorTitles":["AuctionStore","Bidding Simulation (F5)"],"duration":5,"failureDetails":[],"failureMessages":[],"fullName":"AuctionStore Bidding Simulation (F5) should reject bid on expired auction","invocations":1,"location":null,"numPassingAsserts":1,"retryReasons":[],"status":"passed","title":"should reject bid on expired auction"},{"ancestorTitles":["AuctionStore","Bidding Simulation (F5)"],"duration":4,"failureDetails":[],"failureMessages":[],"fullName":"AuctionStore Bidding Simulation (F5) should determine bid outcome","invocations":1,"location":null,"numPassingAsserts":2,"retryReasons":[],"status":"passed","title":"should determine bid outcome"},{"ancestorTitles":["AuctionStore","Buy Now Simulation (F6)"],"duration":6,"failureDetails":[],"failureMessages":[],"fullName":"AuctionStore Buy Now Simulation (F6) should buy now item successfully","invocations":1,"location":null,"numPassingAsserts":3,"retryReasons":[],"status":"passed","title":"should buy now item successfully"},{"ancestorTitles":["AuctionStore","Buy Now Simulation (F6)"],"duration":6,"failureDetails":[],"failureMessages":[],"fullName":"AuctionStore Buy Now Simulation (F6) should reject buy now on auction item","invocations":1,"location":null,"numPassingAsserts":1,"retryReasons":[],"status":"passed","title":"should reject buy now on auction item"},{"ancestorTitles":["AuctionStore","Buy Now Simulation (F6)"],"duration":3,"failureDetails":[],"failureMessages":[],"fullName":"AuctionStore Buy Now Simulation (F6) should reject buy now when insufficient quantity","invocations":1,"location":null,"numPassingAsserts":1,"retryReasons":[],"status":"passed","title":"should reject buy now when insufficient quantity"},{"ancestorTitles":["AuctionStore","Buy Now Simulation (F6)"],"duration":5,"failureDetails":[],"failureMessages":[],"fullName":"AuctionStore Buy Now Simulation (F6) should process payment when card provided","invocations":1,"location":null,"numPassingAsserts":2,"retryReasons":[],"status":"passed","title":"should process payment when card provided"},{"ancestorTitles":["AuctionStore","Selling/Listing Items (F7)"],"duration":3,"failureDetails":[],"failureMessages":[],"fullName":"AuctionStore Selling/Listing Items (F7) should list buy-now item successfully","invocations":1,"location":null,"numPassingAsserts":5,"retryReasons":[],"status":"passed","title":"should list buy-now item successfully"},{"ancestorTitles":["AuctionStore","Selling/Listing Items (F7)"],"duration":3,"failureDetails":[],"failureMessages":[],"fullName":"AuctionStore Selling/Listing Items (F7) should list auction item successfully","invocations":1,"location":null,"numPassingAsserts":3,"retryReasons":[],"status":"passed","title":"should list auction item successfully"},{"ancestorTitles":["AuctionStore","Selling/Listing Items (F7)"],"duration":3,"failureDetails":[],"failureMessages":[],"fullName":"AuctionStore Selling/Listing Items (F7) should update seller stats when listing item","invocations":1,"location":null,"numPassingAsserts":1,"retryReasons":[],"status":"passed","title":"should update seller stats when listing item"},{"ancestorTitles":["AuctionStore","Payment Simulation (F9)"],"duration":3,"failureDetails":[],"failureMessages":[],"fullName":"AuctionStore Payment Simulation (F9) should process successful payment","invocations":1,"location":null,"numPassingAsserts":3,"retryReasons":[],"status":"passed","title":"should process successful payment"},{"ancestorTitles":["AuctionStore","Payment Simulation (F9)"],"duration":3,"failureDetails":[],"failureMessages":[],"fullName":"AuctionStore Payment Simulation (F9) should process declined payment","invocations":1,"location":null,"numPassingAsserts":3,"retryReasons":[],"status":"passed","title":"should process declined payment"},{"ancestorTitles":["AuctionStore","Payment Simulation (F9)"],"duration":5,"failureDetails":[],"failureMessages":[],"fullName":"AuctionStore Payment Simulation (F9) should process insufficient funds payment","invocations":1,"location":null,"numPassingAsserts":2,"retryReasons":[],"status":"passed","title":"should process insufficient funds payment"},{"ancestorTitles":["AuctionStore","Payment Simulation (F9)"],"duration":3,"failureDetails":[],"failureMessages":[],"fullName":"AuctionStore Payment Simulation (F9) should update transaction payment status","invocations":1,"location":null,"numPassingAsserts":3,"retryReasons":[],"status":"passed","title":"should update transaction payment status"},{"ancestorTitles":["AuctionStore","Cancellation & Refunds (F10)"],"duration":5,"failureDetails":[],"failureMessages":[],"fullName":"AuctionStore Cancellation & Refunds (F10) should cancel purchase and issue refund","invocations":1,"location":null,"numPassingAsserts":3,"retryReasons":[],"status":"passed","title":"should cancel purchase and issue refund"},{"ancestorTitles":["AuctionStore","Cancellation & Refunds (F10)"],"duration":7,"failureDetails":[],"failureMessages":[],"fullName":"AuctionStore Cancellation & Refunds (F10) should restore item quantity on refund","invocations":1,"location":null,"numPassingAsserts":2,"retryReasons":[],"status":"passed","title":"should restore item quantity on refund"},{"ancestorTitles":["AuctionStore","Cancellation & Refunds (F10)"],"duration":4,"failureDetails":[],"failureMessages":[],"fullName":"AuctionStore Cancellation & Refunds (F10) should reject cancellation of non-existent transaction","invocations":1,"location":null,"numPassingAsserts":1,"retryReasons":[],"status":"passed","title":"should reject cancellation of non-existent transaction"},{"ancestorTitles":["AuctionStore","Cancellation & Refunds (F10)"],"duration":4,"failureDetails":[],"failureMessages":[],"fullName":"AuctionStore Cancellation & Refunds (F10) should reject cancellation of non-purchase transaction","invocations":1,"location":null,"numPassingAsserts":1,"retryReasons":[],"status":"passed","title":"should reject cancellation of non-purchase transaction"},{"ancestorTitles":["AuctionStore","Transaction Management (F8)"],"duration":2,"failureDetails":[],"failureMessages":[],"fullName":"AuctionStore Transaction Management (F8) should load user transactions","invocations":1,"location":null,"numPassingAsserts":1,"retryReasons":[],"status":"passed","title":"should load user transactions"},{"ancestorTitles":["AuctionStore","Transaction Management (F8)"],"duration":1,"failureDetails":[],"failureMessages":[],"fullName":"AuctionStore Transaction Management (F8) should load user inventory","invocations":1,"location":null,"numPassingAsserts":1,"retryReasons":[],"status":"passed","title":"should load user inventory"},{"ancestorTitles":["AuctionStore","Transaction Management (F8)"],"duration":4,"failureDetails":[],"failureMessages":[],"fullName":"AuctionStore Transaction Management (F8) should add item to inventory","invocations":1,"location":null,"numPassingAsserts":2,"retryReasons":[],"status":"passed","title":"should add item to inventory"},{"ancestorTitles":["AuctionStore","Store Views"],"duration":2,"failureDetails":[],"failureMessages":[],"fullName":"AuctionStore Store Views should get category by id","invocations":1,"location":null,"numPassingAsserts":2,"retryReasons":[],"status":"passed","title":"should get category by id"},{"ancestorTitles":["AuctionStore","Store Views"],"duration":1,"failureDetails":[],"failureMessages":[],"fullName":"AuctionStore Store Views should get category by code","invocations":1,"location":null,"numPassingAsserts":2,"retryReasons":[],"status":"passed","title":"should get category by code"},{"ancestorTitles":["AuctionStore","Store Views"],"duration":2,"failureDetails":[],"failureMessages":[],"fullName":"AuctionStore Store Views should get user by id","invocations":1,"location":null,"numPassingAsserts":2,"retryReasons":[],"status":"passed","title":"should get user by id"},{"ancestorTitles":["AuctionStore","Store Views"],"duration":1,"failureDetails":[],"failureMessages":[],"fullName":"AuctionStore Store Views should get seller by id","invocations":1,"location":null,"numPassingAsserts":2,"retryReasons":[],"status":"passed","title":"should get seller by id"},{"ancestorTitles":["AuctionStore","Store Views"],"duration":2,"failureDetails":[],"failureMessages":[],"fullName":"AuctionStore Store Views should return null for non-seller user","invocations":1,"location":null,"numPassingAsserts":1,"retryReasons":[],"status":"passed","title":"should return null for non-seller user"},{"ancestorTitles":["AuctionStore","Store Views"],"duration":2,"failureDetails":[],"failureMessages":[],"fullName":"AuctionStore Store Views should get active items","invocations":1,"location":null,"numPassingAsserts":0,"retryReasons":[],"status":"passed","title":"should get active items"},{"ancestorTitles":["AuctionStore","Store Views"],"duration":1,"failureDetails":[],"failureMessages":[],"fullName":"AuctionStore Store Views should get auction items","invocations":1,"location":null,"numPassingAsserts":0,"retryReasons":[],"status":"passed","title":"should get auction items"},{"ancestorTitles":["AuctionStore","Store Views"],"duration":1,"failureDetails":[],"failureMessages":[],"fullName":"AuctionStore Store Views should get buy-now items","invocations":1,"location":null,"numPassingAsserts":0,"retryReasons":[],"status":"passed","title":"should get buy-now items"},{"ancestorTitles":["AuctionStore","Store Views"],"duration":2,"failureDetails":[],"failureMessages":[],"fullName":"AuctionStore Store Views should get items by category","invocations":1,"location":null,"numPassingAsserts":0,"retryReasons":[],"status":"passed","title":"should get items by category"},{"ancestorTitles":["AuctionStore","Store Views"],"duration":1,"failureDetails":[],"failureMessages":[],"fullName":"AuctionStore Store Views should get purchases by user","invocations":1,"location":null,"numPassingAsserts":0,"retryReasons":[],"status":"passed","title":"should get purchases by user"},{"ancestorTitles":["AuctionStore","Store Views"],"duration":1,"failureDetails":[],"failureMessages":[],"fullName":"AuctionStore Store Views should get sales by user","invocations":1,"location":null,"numPassingAsserts":0,"retryReasons":[],"status":"passed","title":"should get sales by user"},{"ancestorTitles":["AuctionStore","Utility Actions"],"duration":1,"failureDetails":[],"failureMessages":[],"fullName":"AuctionStore Utility Actions should clear error","invocations":1,"location":null,"numPassingAsserts":2,"retryReasons":[],"status":"passed","title":"should clear error"},{"ancestorTitles":["AuctionStore","Utility Actions"],"duration":3,"failureDetails":[],"failureMessages":[],"fullName":"AuctionStore Utility Actions should reset search state","invocations":1,"location":null,"numPassingAsserts":6,"retryReasons":[],"status":"passed","title":"should reset search state"}],"endTime":1762756036995,"message":"  ● AuctionStore › Initialization (F1) › should initialize database successfully\n\n    SqliteError: NOT NULL constraint failed: items.category_id\n\n      357 |         const result = yield mutations.initializeDatabase()\n      358 |         if (!result.success) {\n    > 359 |           throw new Error(result.error || 'Failed to initialize database')\n          |                 ^\n      360 |         }\n      361 |         yield self.loadAllData()\n      362 |       } catch (error: any) {\n\n      at src/models/AuctionStore.ts:359:17\n      at next (../../node_modules/mobx-state-tree/dist/mobx-state-tree.js:4472:69)\n      at apply (../../node_modules/mobx/dist/mobx.cjs.development.js:1088:15)\n      at executeAction (../../node_modules/mobx/dist/mobx.cjs.development.js:1076:12)\n      at apply (../../node_modules/mobx-state-tree/dist/mobx-state-tree.js:3290:40)\n      at runMiddleWares (../../node_modules/mobx-state-tree/dist/mobx-state-tree.js:3133:16)\n      at runWithActionContext (../../node_modules/mobx-state-tree/dist/mobx-state-tree.js:4458:20)\n      at wrap (../../node_modules/mobx-state-tree/dist/mobx-state-tree.js:4472:39)\n\n  ● AuctionStore › Initialization (F1) › should load all data successfully\n\n    expect(received).toBeGreaterThan(expected)\n\n    Expected: > 0\n    Received:   0\n\n      38 |       expect(store.categories.length).toBeGreaterThan(0)\n      39 |       expect(store.users.length).toBeGreaterThan(0)\n    > 40 |       expect(store.items.length).toBeGreaterThan(0)\n         |                                  ^\n      41 |     })\n      42 |\n      43 |     it('should handle initialization errors gracefully', async () => {\n\n      at Object.toBeGreaterThan (src/__tests__/unit/auction-store.test.ts:40:34)\n      at asyncGeneratorStep (../../node_modules/@babel/runtime/helpers/asyncToGenerator.js:3:17)\n      at _next (../../node_modules/@babel/runtime/helpers/asyncToGenerator.js:17:9)\n\n  ● AuctionStore › Session Management (F2) › should create session successfully\n\n    [mobx-state-tree] A node cannot exists twice in the state tree. Failed to add Session@/sessions/0(id: 1) to path '/currentSession'.\n\n      427 |         }\n      428 |         const sessionId = sessionModel.id\n    > 429 |         self.currentSession = self.sessions.find(s => s.id === sessionId) || null\n          |                            ^\n      430 |         return sessionModel\n      431 |       } catch (error: any) {\n      432 |         self.error = error.message || 'Failed to create session'\n\n      at fail$1 (../../node_modules/mobx-state-tree/dist/mobx-state-tree.js:3888:12)\n      at ObjectNode.fail$1 (../../node_modules/mobx-state-tree/dist/mobx-state-tree.js:1749:27)\n      at ModelType.setParent (../../node_modules/mobx-state-tree/dist/mobx-state-tree.js:2561:25)\n      at Union.reconcile (../../node_modules/mobx-state-tree/dist/mobx-state-tree.js:7026:25)\n      at Array.reconcile (../../node_modules/mobx-state-tree/dist/mobx-state-tree.js:6237:45)\n      at interceptChange (../../node_modules/mobx/dist/mobx.cjs.development.js:3296:31)\n      at ObservableObjectAdministration.interceptChange [as setObservablePropValue_] (../../node_modules/mobx/dist/mobx.cjs.development.js:4569:20)\n      at ObservableObjectAdministration.setObservablePropValue_ [as set_] (../../node_modules/mobx/dist/mobx.cjs.development.js:4630:21)\n      at Object.set_ [as set] (../../node_modules/mobx/dist/mobx.cjs.development.js:3239:43)\n      at src/models/AuctionStore.ts:429:28\n      at next (../../node_modules/mobx-state-tree/dist/mobx-state-tree.js:4472:69)\n      at apply (../../node_modules/mobx/dist/mobx.cjs.development.js:1088:15)\n      at executeAction (../../node_modules/mobx/dist/mobx.cjs.development.js:1076:12)\n      at apply (../../node_modules/mobx-state-tree/dist/mobx-state-tree.js:3290:40)\n      at runMiddleWares (../../node_modules/mobx-state-tree/dist/mobx-state-tree.js:3133:16)\n      at runWithActionContext (../../node_modules/mobx-state-tree/dist/mobx-state-tree.js:4458:20)\n      at wrap (../../node_modules/mobx-state-tree/dist/mobx-state-tree.js:4472:39)\n\n  ● AuctionStore › Session Management (F2) › should end session successfully\n\n    [mobx-state-tree] A node cannot exists twice in the state tree. Failed to add Session@/sessions/0(id: 2) to path '/currentSession'.\n\n      427 |         }\n      428 |         const sessionId = sessionModel.id\n    > 429 |         self.currentSession = self.sessions.find(s => s.id === sessionId) || null\n          |                            ^\n      430 |         return sessionModel\n      431 |       } catch (error: any) {\n      432 |         self.error = error.message || 'Failed to create session'\n\n      at fail$1 (../../node_modules/mobx-state-tree/dist/mobx-state-tree.js:3888:12)\n      at ObjectNode.fail$1 (../../node_modules/mobx-state-tree/dist/mobx-state-tree.js:1749:27)\n      at ModelType.setParent (../../node_modules/mobx-state-tree/dist/mobx-state-tree.js:2561:25)\n      at Union.reconcile (../../node_modules/mobx-state-tree/dist/mobx-state-tree.js:7026:25)\n      at Array.reconcile (../../node_modules/mobx-state-tree/dist/mobx-state-tree.js:6237:45)\n      at interceptChange (../../node_modules/mobx/dist/mobx.cjs.development.js:3296:31)\n      at ObservableObjectAdministration.interceptChange [as setObservablePropValue_] (../../node_modules/mobx/dist/mobx.cjs.development.js:4569:20)\n      at ObservableObjectAdministration.setObservablePropValue_ [as set_] (../../node_modules/mobx/dist/mobx.cjs.development.js:4630:21)\n      at Object.set_ [as set] (../../node_modules/mobx/dist/mobx.cjs.development.js:3239:43)\n      at src/models/AuctionStore.ts:429:28\n      at next (../../node_modules/mobx-state-tree/dist/mobx-state-tree.js:4472:69)\n      at apply (../../node_modules/mobx/dist/mobx.cjs.development.js:1088:15)\n      at executeAction (../../node_modules/mobx/dist/mobx.cjs.development.js:1076:12)\n      at apply (../../node_modules/mobx-state-tree/dist/mobx-state-tree.js:3290:40)\n      at runMiddleWares (../../node_modules/mobx-state-tree/dist/mobx-state-tree.js:3133:16)\n      at runWithActionContext (../../node_modules/mobx-state-tree/dist/mobx-state-tree.js:4458:20)\n      at wrap (../../node_modules/mobx-state-tree/dist/mobx-state-tree.js:4472:39)\n","name":"/Volumes/Unify/andojo/andojo-monorepo/apps/auction/src/__tests__/unit/auction-store.test.ts","startTime":1762756036031,"status":"failed","summary":""},{"assertionResults":[{"ancestorTitles":["Auction Mutations","initializeDatabase (F1)"],"duration":6,"failureDetails":[{"matcherResult":{"actual":false,"expected":true,"message":"expect(received).toBe(expected) // Object.is equality\n\nExpected: true\nReceived: false","name":"toBe","pass":false}}],"failureMessages":["Error: expect(received).toBe(expected) // Object.is equality\n\nExpected: true\nReceived: false\n    at Object.toBe (/Volumes/Unify/andojo/andojo-monorepo/apps/auction/src/__tests__/unit/mutations.test.ts:14:28)\n    at Generator.next (<anonymous>)\n    at asyncGeneratorStep (/Volumes/Unify/andojo/andojo-monorepo/node_modules/@babel/runtime/helpers/asyncToGenerator.js:3:17)\n    at _next (/Volumes/Unify/andojo/andojo-monorepo/node_modules/@babel/runtime/helpers/asyncToGenerator.js:17:9)"],"fullName":"Auction Mutations initializeDatabase (F1) should initialize database with mock data","invocations":1,"location":null,"numPassingAsserts":0,"retryReasons":[],"status":"failed","title":"should initialize database with mock data"},{"ancestorTitles":["Auction Mutations","initializeDatabase (F1)"],"duration":7,"failureDetails":[{"matcherResult":{"actual":false,"expected":true,"message":"expect(received).toBe(expected) // Object.is equality\n\nExpected: true\nReceived: false","name":"toBe","pass":false}}],"failureMessages":["Error: expect(received).toBe(expected) // Object.is equality\n\nExpected: true\nReceived: false\n    at Object.toBe (/Volumes/Unify/andojo/andojo-monorepo/apps/auction/src/__tests__/unit/mutations.test.ts:36:30)\n    at Generator.next (<anonymous>)\n    at asyncGeneratorStep (/Volumes/Unify/andojo/andojo-monorepo/node_modules/@babel/runtime/helpers/asyncToGenerator.js:3:17)\n    at _next (/Volumes/Unify/andojo/andojo-monorepo/node_modules/@babel/runtime/helpers/asyncToGenerator.js:17:9)"],"fullName":"Auction Mutations initializeDatabase (F1) should skip initialization if already seeded","invocations":1,"location":null,"numPassingAsserts":0,"retryReasons":[],"status":"failed","title":"should skip initialization if already seeded"},{"ancestorTitles":["Auction Mutations","Item Mutations (F7)"],"duration":1,"failureDetails":[],"failureMessages":[],"fullName":"Auction Mutations Item Mutations (F7) should create buy-now item successfully","invocations":1,"location":null,"numPassingAsserts":7,"retryReasons":[],"status":"passed","title":"should create buy-now item successfully"},{"ancestorTitles":["Auction Mutations","Item Mutations (F7)"],"duration":2,"failureDetails":[],"failureMessages":[],"fullName":"Auction Mutations Item Mutations (F7) should create auction item successfully","invocations":1,"location":null,"numPassingAsserts":6,"retryReasons":[],"status":"passed","title":"should create auction item successfully"},{"ancestorTitles":["Auction Mutations","Item Mutations (F7)"],"duration":1,"failureDetails":[],"failureMessages":[],"fullName":"Auction Mutations Item Mutations (F7) should update item status","invocations":1,"location":null,"numPassingAsserts":2,"retryReasons":[],"status":"passed","title":"should update item status"},{"ancestorTitles":["Auction Mutations","Item Mutations (F7)"],"duration":1,"failureDetails":[],"failureMessages":[],"fullName":"Auction Mutations Item Mutations (F7) should update item bid information","invocations":1,"location":null,"numPassingAsserts":3,"retryReasons":[],"status":"passed","title":"should update item bid information"},{"ancestorTitles":["Auction Mutations","Item Mutations (F7)"],"duration":1,"failureDetails":[],"failureMessages":[],"fullName":"Auction Mutations Item Mutations (F7) should handle invalid item status update gracefully","invocations":1,"location":null,"numPassingAsserts":1,"retryReasons":[],"status":"passed","title":"should handle invalid item status update gracefully"},{"ancestorTitles":["Auction Mutations","Bid Mutations (F5)"],"duration":1,"failureDetails":[],"failureMessages":[],"fullName":"Auction Mutations Bid Mutations (F5) should create bid successfully","invocations":1,"location":null,"numPassingAsserts":7,"retryReasons":[],"status":"passed","title":"should create bid successfully"},{"ancestorTitles":["Auction Mutations","Bid Mutations (F5)"],"duration":1,"failureDetails":[],"failureMessages":[],"fullName":"Auction Mutations Bid Mutations (F5) should update item bid count when creating bid","invocations":1,"location":null,"numPassingAsserts":2,"retryReasons":[],"status":"passed","title":"should update item bid count when creating bid"},{"ancestorTitles":["Auction Mutations","Bid Mutations (F5)"],"duration":2,"failureDetails":[],"failureMessages":[],"fullName":"Auction Mutations Bid Mutations (F5) should set previous winning bid to not winning","invocations":1,"location":null,"numPassingAsserts":2,"retryReasons":[],"status":"passed","title":"should set previous winning bid to not winning"},{"ancestorTitles":["Auction Mutations","Bid Mutations (F5)"],"duration":1,"failureDetails":[],"failureMessages":[],"fullName":"Auction Mutations Bid Mutations (F5) should update bid outcome","invocations":1,"location":null,"numPassingAsserts":2,"retryReasons":[],"status":"passed","title":"should update bid outcome"},{"ancestorTitles":["Auction Mutations","Bid Mutations (F5)"],"duration":1,"failureDetails":[],"failureMessages":[],"fullName":"Auction Mutations Bid Mutations (F5) should handle updating non-existent bid gracefully","invocations":1,"location":null,"numPassingAsserts":1,"retryReasons":[],"status":"passed","title":"should handle updating non-existent bid gracefully"},{"ancestorTitles":["Auction Mutations","Transaction Mutations (F6, F8, F10)"],"duration":1,"failureDetails":[],"failureMessages":[],"fullName":"Auction Mutations Transaction Mutations (F6, F8, F10) should create purchase transaction","invocations":1,"location":null,"numPassingAsserts":6,"retryReasons":[],"status":"passed","title":"should create purchase transaction"},{"ancestorTitles":["Auction Mutations","Transaction Mutations (F6, F8, F10)"],"duration":1,"failureDetails":[],"failureMessages":[],"fullName":"Auction Mutations Transaction Mutations (F6, F8, F10) should create bid_win transaction","invocations":1,"location":null,"numPassingAsserts":1,"retryReasons":[],"status":"passed","title":"should create bid_win transaction"},{"ancestorTitles":["Auction Mutations","Transaction Mutations (F6, F8, F10)"],"duration":1,"failureDetails":[],"failureMessages":[],"fullName":"Auction Mutations Transaction Mutations (F6, F8, F10) should create listing transaction","invocations":1,"location":null,"numPassingAsserts":1,"retryReasons":[],"status":"passed","title":"should create listing transaction"},{"ancestorTitles":["Auction Mutations","Transaction Mutations (F6, F8, F10)"],"duration":1,"failureDetails":[],"failureMessages":[],"fullName":"Auction Mutations Transaction Mutations (F6, F8, F10) should create sale transaction","invocations":1,"location":null,"numPassingAsserts":2,"retryReasons":[],"status":"passed","title":"should create sale transaction"},{"ancestorTitles":["Auction Mutations","Transaction Mutations (F6, F8, F10)"],"duration":1,"failureDetails":[],"failureMessages":[],"fullName":"Auction Mutations Transaction Mutations (F6, F8, F10) should update transaction status","invocations":1,"location":null,"numPassingAsserts":2,"retryReasons":[],"status":"passed","title":"should update transaction status"},{"ancestorTitles":["Auction Mutations","Transaction Mutations (F6, F8, F10)"],"duration":1,"failureDetails":[],"failureMessages":[],"fullName":"Auction Mutations Transaction Mutations (F6, F8, F10) should update transaction payment status","invocations":1,"location":null,"numPassingAsserts":3,"retryReasons":[],"status":"passed","title":"should update transaction payment status"},{"ancestorTitles":["Auction Mutations","Transaction Mutations (F6, F8, F10)"],"duration":1,"failureDetails":[],"failureMessages":[],"fullName":"Auction Mutations Transaction Mutations (F6, F8, F10) should update payment status to failed with reason","invocations":1,"location":null,"numPassingAsserts":4,"retryReasons":[],"status":"passed","title":"should update payment status to failed with reason"},{"ancestorTitles":["Auction Mutations","Transaction Mutations (F6, F8, F10)"],"duration":2,"failureDetails":[],"failureMessages":[],"fullName":"Auction Mutations Transaction Mutations (F6, F8, F10) should refund transaction (F10)","invocations":1,"location":null,"numPassingAsserts":4,"retryReasons":[],"status":"passed","title":"should refund transaction (F10)"},{"ancestorTitles":["Auction Mutations","Transaction Mutations (F6, F8, F10)"],"duration":0,"failureDetails":[],"failureMessages":[],"fullName":"Auction Mutations Transaction Mutations (F6, F8, F10) should handle refunding non-existent transaction gracefully","invocations":1,"location":null,"numPassingAsserts":1,"retryReasons":[],"status":"passed","title":"should handle refunding non-existent transaction gracefully"},{"ancestorTitles":["Auction Mutations","Payment Mutations (F9)"],"duration":1,"failureDetails":[],"failureMessages":[],"fullName":"Auction Mutations Payment Mutations (F9) should create successful payment","invocations":1,"location":null,"numPassingAsserts":5,"retryReasons":[],"status":"passed","title":"should create successful payment"},{"ancestorTitles":["Auction Mutations","Payment Mutations (F9)"],"duration":1,"failureDetails":[],"failureMessages":[],"fullName":"Auction Mutations Payment Mutations (F9) should create declined payment","invocations":1,"location":null,"numPassingAsserts":2,"retryReasons":[],"status":"passed","title":"should create declined payment"},{"ancestorTitles":["Auction Mutations","Payment Mutations (F9)"],"duration":3,"failureDetails":[],"failureMessages":[],"fullName":"Auction Mutations Payment Mutations (F9) should create payment with deterministic seed","invocations":1,"location":null,"numPassingAsserts":1,"retryReasons":[],"status":"passed","title":"should create payment with deterministic seed"},{"ancestorTitles":["Auction Mutations","Inventory Mutations (F8)"],"duration":1,"failureDetails":[],"failureMessages":[],"fullName":"Auction Mutations Inventory Mutations (F8) should add item to inventory","invocations":1,"location":null,"numPassingAsserts":6,"retryReasons":[],"status":"passed","title":"should add item to inventory"},{"ancestorTitles":["Auction Mutations","Inventory Mutations (F8)"],"duration":1,"failureDetails":[],"failureMessages":[],"fullName":"Auction Mutations Inventory Mutations (F8) should add item to inventory without transaction","invocations":1,"location":null,"numPassingAsserts":3,"retryReasons":[],"status":"passed","title":"should add item to inventory without transaction"},{"ancestorTitles":["Auction Mutations","Listing Mutations (F7)"],"duration":1,"failureDetails":[],"failureMessages":[],"fullName":"Auction Mutations Listing Mutations (F7) should create listing successfully","invocations":1,"location":null,"numPassingAsserts":6,"retryReasons":[],"status":"passed","title":"should create listing successfully"},{"ancestorTitles":["Auction Mutations","Listing Mutations (F7)"],"duration":1,"failureDetails":[],"failureMessages":[],"fullName":"Auction Mutations Listing Mutations (F7) should create listing with session","invocations":1,"location":null,"numPassingAsserts":1,"retryReasons":[],"status":"passed","title":"should create listing with session"},{"ancestorTitles":["Auction Mutations","Listing Mutations (F7)"],"duration":1,"failureDetails":[],"failureMessages":[],"fullName":"Auction Mutations Listing Mutations (F7) should update listing status","invocations":1,"location":null,"numPassingAsserts":2,"retryReasons":[],"status":"passed","title":"should update listing status"},{"ancestorTitles":["Auction Mutations","Listing Mutations (F7)"],"duration":0,"failureDetails":[],"failureMessages":[],"fullName":"Auction Mutations Listing Mutations (F7) should handle updating non-existent listing gracefully","invocations":1,"location":null,"numPassingAsserts":1,"retryReasons":[],"status":"passed","title":"should handle updating non-existent listing gracefully"},{"ancestorTitles":["Auction Mutations","Edge Cases and Error Handling"],"duration":1,"failureDetails":[],"failureMessages":[],"fullName":"Auction Mutations Edge Cases and Error Handling should handle creating item with invalid category","invocations":1,"location":null,"numPassingAsserts":1,"retryReasons":[],"status":"passed","title":"should handle creating item with invalid category"},{"ancestorTitles":["Auction Mutations","Edge Cases and Error Handling"],"duration":1,"failureDetails":[],"failureMessages":[],"fullName":"Auction Mutations Edge Cases and Error Handling should handle creating item with invalid seller","invocations":1,"location":null,"numPassingAsserts":1,"retryReasons":[],"status":"passed","title":"should handle creating item with invalid seller"},{"ancestorTitles":["Auction Mutations","Edge Cases and Error Handling"],"duration":1,"failureDetails":[],"failureMessages":[],"fullName":"Auction Mutations Edge Cases and Error Handling should handle creating bid on non-auction item","invocations":1,"location":null,"numPassingAsserts":1,"retryReasons":[],"status":"passed","title":"should handle creating bid on non-auction item"},{"ancestorTitles":["Auction Mutations","Edge Cases and Error Handling"],"duration":1,"failureDetails":[],"failureMessages":[],"fullName":"Auction Mutations Edge Cases and Error Handling should handle creating transaction with invalid user","invocations":1,"location":null,"numPassingAsserts":1,"retryReasons":[],"status":"passed","title":"should handle creating transaction with invalid user"},{"ancestorTitles":["Auction Mutations","Edge Cases and Error Handling"],"duration":0,"failureDetails":[],"failureMessages":[],"fullName":"Auction Mutations Edge Cases and Error Handling should handle creating payment with invalid transaction","invocations":1,"location":null,"numPassingAsserts":1,"retryReasons":[],"status":"passed","title":"should handle creating payment with invalid transaction"}],"endTime":1762756037136,"message":"  ● Auction Mutations › initializeDatabase (F1) › should initialize database with mock data\n\n    expect(received).toBe(expected) // Object.is equality\n\n    Expected: true\n    Received: false\n\n      12 |     it('should initialize database with mock data', async () => {\n      13 |     const result = await mutations.initializeDatabase()\n    > 14 |     expect(result.success).toBe(true)\n         |                            ^\n      15 |\n      16 |       // Verify data was loaded\n      17 |       const categories = await queries.getAllCategories()\n\n      at Object.toBe (src/__tests__/unit/mutations.test.ts:14:28)\n      at asyncGeneratorStep (../../node_modules/@babel/runtime/helpers/asyncToGenerator.js:3:17)\n      at _next (../../node_modules/@babel/runtime/helpers/asyncToGenerator.js:17:9)\n\n  ● Auction Mutations › initializeDatabase (F1) › should skip initialization if already seeded\n\n    expect(received).toBe(expected) // Object.is equality\n\n    Expected: true\n    Received: false\n\n      34 |       // Second initialization should skip\n      35 |       const result = await mutations.initializeDatabase()\n    > 36 |       expect(result.success).toBe(true)\n         |                              ^\n      37 |       expect(result.skipped).toBe(true)\n      38 |     })\n      39 |   })\n\n      at Object.toBe (src/__tests__/unit/mutations.test.ts:36:30)\n      at asyncGeneratorStep (../../node_modules/@babel/runtime/helpers/asyncToGenerator.js:3:17)\n      at _next (../../node_modules/@babel/runtime/helpers/asyncToGenerator.js:17:9)\n","name":"/Volumes/Unify/andojo/andojo-monorepo/apps/auction/src/__tests__/unit/mutations.test.ts","startTime":1762756037014,"status":"failed","summary":""},{"assertionResults":[{"ancestorTitles":["AuctionStore Views","Category Views"],"duration":4,"failureDetails":[],"failureMessages":[],"fullName":"AuctionStore Views Category Views should get category by id","invocations":1,"location":null,"numPassingAsserts":3,"retryReasons":[],"status":"passed","title":"should get category by id"},{"ancestorTitles":["AuctionStore Views","Category Views"],"duration":2,"failureDetails":[],"failureMessages":[],"fullName":"AuctionStore Views Category Views should get category by code","invocations":1,"location":null,"numPassingAsserts":3,"retryReasons":[],"status":"passed","title":"should get category by code"},{"ancestorTitles":["AuctionStore Views","Category Views"],"duration":2,"failureDetails":[],"failureMessages":[],"fullName":"AuctionStore Views Category Views should return undefined for non-existent category","invocations":1,"location":null,"numPassingAsserts":1,"retryReasons":[],"status":"passed","title":"should return undefined for non-existent category"},{"ancestorTitles":["AuctionStore Views","Category Views"],"duration":2,"failureDetails":[],"failureMessages":[],"fullName":"AuctionStore Views Category Views should return undefined for non-existent category code","invocations":1,"location":null,"numPassingAsserts":1,"retryReasons":[],"status":"passed","title":"should return undefined for non-existent category code"},{"ancestorTitles":["AuctionStore Views","User Views"],"duration":2,"failureDetails":[],"failureMessages":[],"fullName":"AuctionStore Views User Views should get user by id","invocations":1,"location":null,"numPassingAsserts":2,"retryReasons":[],"status":"passed","title":"should get user by id"},{"ancestorTitles":["AuctionStore Views","User Views"],"duration":1,"failureDetails":[],"failureMessages":[],"fullName":"AuctionStore Views User Views should get user by username","invocations":1,"location":null,"numPassingAsserts":2,"retryReasons":[],"status":"passed","title":"should get user by username"},{"ancestorTitles":["AuctionStore Views","User Views"],"duration":2,"failureDetails":[],"failureMessages":[],"fullName":"AuctionStore Views User Views should get sellers","invocations":1,"location":null,"numPassingAsserts":3,"retryReasons":[],"status":"passed","title":"should get sellers"},{"ancestorTitles":["AuctionStore Views","User Views"],"duration":2,"failureDetails":[],"failureMessages":[],"fullName":"AuctionStore Views User Views should return undefined for non-existent user","invocations":1,"location":null,"numPassingAsserts":1,"retryReasons":[],"status":"passed","title":"should return undefined for non-existent user"},{"ancestorTitles":["AuctionStore Views","User Views"],"duration":2,"failureDetails":[],"failureMessages":[],"fullName":"AuctionStore Views User Views should return undefined for non-existent username","invocations":1,"location":null,"numPassingAsserts":1,"retryReasons":[],"status":"passed","title":"should return undefined for non-existent username"},{"ancestorTitles":["AuctionStore Views","Item Views"],"duration":2,"failureDetails":[],"failureMessages":[],"fullName":"AuctionStore Views Item Views should get item by id","invocations":1,"location":null,"numPassingAsserts":0,"retryReasons":[],"status":"passed","title":"should get item by id"},{"ancestorTitles":["AuctionStore Views","Item Views"],"duration":3,"failureDetails":[],"failureMessages":[],"fullName":"AuctionStore Views Item Views should get active items","invocations":1,"location":null,"numPassingAsserts":1,"retryReasons":[],"status":"passed","title":"should get active items"},{"ancestorTitles":["AuctionStore Views","Item Views"],"duration":2,"failureDetails":[],"failureMessages":[],"fullName":"AuctionStore Views Item Views should get auction items","invocations":1,"location":null,"numPassingAsserts":1,"retryReasons":[],"status":"passed","title":"should get auction items"},{"ancestorTitles":["AuctionStore Views","Item Views"],"duration":2,"failureDetails":[],"failureMessages":[],"fullName":"AuctionStore Views Item Views should get buy-now items","invocations":1,"location":null,"numPassingAsserts":1,"retryReasons":[],"status":"passed","title":"should get buy-now items"},{"ancestorTitles":["AuctionStore Views","Item Views"],"duration":1,"failureDetails":[],"failureMessages":[],"fullName":"AuctionStore Views Item Views should get items by seller","invocations":1,"location":null,"numPassingAsserts":1,"retryReasons":[],"status":"passed","title":"should get items by seller"},{"ancestorTitles":["AuctionStore Views","Item Views"],"duration":2,"failureDetails":[],"failureMessages":[],"fullName":"AuctionStore Views Item Views should return empty array for non-existent seller","invocations":1,"location":null,"numPassingAsserts":1,"retryReasons":[],"status":"passed","title":"should return empty array for non-existent seller"},{"ancestorTitles":["AuctionStore Views","Item Views"],"duration":1,"failureDetails":[],"failureMessages":[],"fullName":"AuctionStore Views Item Views should return undefined for non-existent item","invocations":1,"location":null,"numPassingAsserts":1,"retryReasons":[],"status":"passed","title":"should return undefined for non-existent item"},{"ancestorTitles":["AuctionStore Views","Bid Views"],"duration":4,"failureDetails":[],"failureMessages":[],"fullName":"AuctionStore Views Bid Views should get bids by item","invocations":1,"location":null,"numPassingAsserts":3,"retryReasons":[],"status":"passed","title":"should get bids by item"},{"ancestorTitles":["AuctionStore Views","Bid Views"],"duration":3,"failureDetails":[],"failureMessages":[],"fullName":"AuctionStore Views Bid Views should get bids by user","invocations":1,"location":null,"numPassingAsserts":2,"retryReasons":[],"status":"passed","title":"should get bids by user"},{"ancestorTitles":["AuctionStore Views","Bid Views"],"duration":4,"failureDetails":[],"failureMessages":[],"fullName":"AuctionStore Views Bid Views should get winning bid","invocations":1,"location":null,"numPassingAsserts":2,"retryReasons":[],"status":"passed","title":"should get winning bid"},{"ancestorTitles":["AuctionStore Views","Bid Views"],"duration":1,"failureDetails":[],"failureMessages":[],"fullName":"AuctionStore Views Bid Views should return empty array for item with no bids","invocations":1,"location":null,"numPassingAsserts":0,"retryReasons":[],"status":"passed","title":"should return empty array for item with no bids"},{"ancestorTitles":["AuctionStore Views","Bid Views"],"duration":2,"failureDetails":[],"failureMessages":[],"fullName":"AuctionStore Views Bid Views should return undefined for non-existent winning bid","invocations":1,"location":null,"numPassingAsserts":1,"retryReasons":[],"status":"passed","title":"should return undefined for non-existent winning bid"},{"ancestorTitles":["AuctionStore Views","Transaction Views"],"duration":2,"failureDetails":[],"failureMessages":[],"fullName":"AuctionStore Views Transaction Views should get transactions by user","invocations":1,"location":null,"numPassingAsserts":0,"retryReasons":[],"status":"passed","title":"should get transactions by user"},{"ancestorTitles":["AuctionStore Views","Transaction Views"],"duration":1,"failureDetails":[],"failureMessages":[],"fullName":"AuctionStore Views Transaction Views should get purchases by user","invocations":1,"location":null,"numPassingAsserts":0,"retryReasons":[],"status":"passed","title":"should get purchases by user"},{"ancestorTitles":["AuctionStore Views","Transaction Views"],"duration":6,"failureDetails":[],"failureMessages":[],"fullName":"AuctionStore Views Transaction Views should get sales by user","invocations":1,"location":null,"numPassingAsserts":1,"retryReasons":[],"status":"passed","title":"should get sales by user"},{"ancestorTitles":["AuctionStore Views","Transaction Views"],"duration":2,"failureDetails":[],"failureMessages":[],"fullName":"AuctionStore Views Transaction Views should return empty array for user with no transactions","invocations":1,"location":null,"numPassingAsserts":1,"retryReasons":[],"status":"passed","title":"should return empty array for user with no transactions"},{"ancestorTitles":["AuctionStore Views","Payment Views"],"duration":2,"failureDetails":[],"failureMessages":[],"fullName":"AuctionStore Views Payment Views should get mock card by number","invocations":1,"location":null,"numPassingAsserts":2,"retryReasons":[],"status":"passed","title":"should get mock card by number"},{"ancestorTitles":["AuctionStore Views","Payment Views"],"duration":2,"failureDetails":[],"failureMessages":[],"fullName":"AuctionStore Views Payment Views should return undefined for non-existent card","invocations":1,"location":null,"numPassingAsserts":1,"retryReasons":[],"status":"passed","title":"should return undefined for non-existent card"},{"ancestorTitles":["AuctionStore Views","Inventory Views"],"duration":2,"failureDetails":[],"failureMessages":[],"fullName":"AuctionStore Views Inventory Views should get inventory by user","invocations":1,"location":null,"numPassingAsserts":1,"retryReasons":[],"status":"passed","title":"should get inventory by user"},{"ancestorTitles":["AuctionStore Views","Inventory Views"],"duration":1,"failureDetails":[],"failureMessages":[],"fullName":"AuctionStore Views Inventory Views should get inventory item","invocations":1,"location":null,"numPassingAsserts":0,"retryReasons":[],"status":"passed","title":"should get inventory item"},{"ancestorTitles":["AuctionStore Views","Inventory Views"],"duration":2,"failureDetails":[],"failureMessages":[],"fullName":"AuctionStore Views Inventory Views should return empty array for user with no inventory","invocations":1,"location":null,"numPassingAsserts":1,"retryReasons":[],"status":"passed","title":"should return empty array for user with no inventory"},{"ancestorTitles":["AuctionStore Views","Inventory Views"],"duration":2,"failureDetails":[],"failureMessages":[],"fullName":"AuctionStore Views Inventory Views should return undefined for non-existent inventory item","invocations":1,"location":null,"numPassingAsserts":1,"retryReasons":[],"status":"passed","title":"should return undefined for non-existent inventory item"}],"endTime":1762756037250,"message":"","name":"/Volumes/Unify/andojo/andojo-monorepo/apps/auction/src/__tests__/unit/store-views.test.ts","startTime":1762756037146,"status":"passed","summary":""},{"assertionResults":[{"ancestorTitles":["Auction Queries","isDatabaseInitialized"],"duration":2,"failureDetails":[],"failureMessages":[],"fullName":"Auction Queries isDatabaseInitialized should return true when database is initialized","invocations":1,"location":null,"numPassingAsserts":1,"retryReasons":[],"status":"passed","title":"should return true when database is initialized"},{"ancestorTitles":["Auction Queries","Category Queries"],"duration":1,"failureDetails":[],"failureMessages":[],"fullName":"Auction Queries Category Queries should get all categories","invocations":1,"location":null,"numPassingAsserts":3,"retryReasons":[],"status":"passed","title":"should get all categories"},{"ancestorTitles":["Auction Queries","Category Queries"],"duration":1,"failureDetails":[],"failureMessages":[],"fullName":"Auction Queries Category Queries should get category by id","invocations":1,"location":null,"numPassingAsserts":3,"retryReasons":[],"status":"passed","title":"should get category by id"},{"ancestorTitles":["Auction Queries","Category Queries"],"duration":0,"failureDetails":[],"failureMessages":[],"fullName":"Auction Queries Category Queries should return null for non-existent category","invocations":1,"location":null,"numPassingAsserts":1,"retryReasons":[],"status":"passed","title":"should return null for non-existent category"},{"ancestorTitles":["Auction Queries","Category Queries"],"duration":1,"failureDetails":[],"failureMessages":[],"fullName":"Auction Queries Category Queries should get category by code","invocations":1,"location":null,"numPassingAsserts":2,"retryReasons":[],"status":"passed","title":"should get category by code"},{"ancestorTitles":["Auction Queries","Category Queries"],"duration":1,"failureDetails":[],"failureMessages":[],"fullName":"Auction Queries Category Queries should return null for non-existent category code","invocations":1,"location":null,"numPassingAsserts":1,"retryReasons":[],"status":"passed","title":"should return null for non-existent category code"},{"ancestorTitles":["Auction Queries","User Queries"],"duration":0,"failureDetails":[],"failureMessages":[],"fullName":"Auction Queries User Queries should get user by id","invocations":1,"location":null,"numPassingAsserts":3,"retryReasons":[],"status":"passed","title":"should get user by id"},{"ancestorTitles":["Auction Queries","User Queries"],"duration":1,"failureDetails":[],"failureMessages":[],"fullName":"Auction Queries User Queries should return null for non-existent user","invocations":1,"location":null,"numPassingAsserts":1,"retryReasons":[],"status":"passed","title":"should return null for non-existent user"},{"ancestorTitles":["Auction Queries","User Queries"],"duration":1,"failureDetails":[],"failureMessages":[],"fullName":"Auction Queries User Queries should get user by username","invocations":1,"location":null,"numPassingAsserts":2,"retryReasons":[],"status":"passed","title":"should get user by username"},{"ancestorTitles":["Auction Queries","User Queries"],"duration":0,"failureDetails":[],"failureMessages":[],"fullName":"Auction Queries User Queries should return null for non-existent username","invocations":1,"location":null,"numPassingAsserts":1,"retryReasons":[],"status":"passed","title":"should return null for non-existent username"},{"ancestorTitles":["Auction Queries","User Queries"],"duration":1,"failureDetails":[],"failureMessages":[],"fullName":"Auction Queries User Queries should get all users","invocations":1,"location":null,"numPassingAsserts":3,"retryReasons":[],"status":"passed","title":"should get all users"},{"ancestorTitles":["Auction Queries","User Queries"],"duration":1,"failureDetails":[],"failureMessages":[],"fullName":"Auction Queries User Queries should get sellers only","invocations":1,"location":null,"numPassingAsserts":4,"retryReasons":[],"status":"passed","title":"should get sellers only"},{"ancestorTitles":["Auction Queries","Item Queries"],"duration":1,"failureDetails":[],"failureMessages":[],"fullName":"Auction Queries Item Queries should get all items","invocations":1,"location":null,"numPassingAsserts":2,"retryReasons":[],"status":"passed","title":"should get all items"},{"ancestorTitles":["Auction Queries","Item Queries"],"duration":0,"failureDetails":[],"failureMessages":[],"fullName":"Auction Queries Item Queries should get item by id","invocations":1,"location":null,"numPassingAsserts":3,"retryReasons":[],"status":"passed","title":"should get item by id"},{"ancestorTitles":["Auction Queries","Item Queries"],"duration":2,"failureDetails":[],"failureMessages":[],"fullName":"Auction Queries Item Queries should return null for non-existent item","invocations":1,"location":null,"numPassingAsserts":1,"retryReasons":[],"status":"passed","title":"should return null for non-existent item"},{"ancestorTitles":["Auction Queries","Item Queries"],"duration":1,"failureDetails":[],"failureMessages":[],"fullName":"Auction Queries Item Queries should get items by category","invocations":1,"location":null,"numPassingAsserts":4,"retryReasons":[],"status":"passed","title":"should get items by category"},{"ancestorTitles":["Auction Queries","Item Queries"],"duration":1,"failureDetails":[],"failureMessages":[],"fullName":"Auction Queries Item Queries should get items by seller","invocations":1,"location":null,"numPassingAsserts":3,"retryReasons":[],"status":"passed","title":"should get items by seller"},{"ancestorTitles":["Auction Queries","Item Queries"],"duration":0,"failureDetails":[],"failureMessages":[],"fullName":"Auction Queries Item Queries should get active items only","invocations":1,"location":null,"numPassingAsserts":3,"retryReasons":[],"status":"passed","title":"should get active items only"},{"ancestorTitles":["Auction Queries","Item Queries"],"duration":2,"failureDetails":[],"failureMessages":[],"fullName":"Auction Queries Item Queries should get auction items only","invocations":1,"location":null,"numPassingAsserts":5,"retryReasons":[],"status":"passed","title":"should get auction items only"},{"ancestorTitles":["Auction Queries","Item Queries"],"duration":2,"failureDetails":[],"failureMessages":[],"fullName":"Auction Queries Item Queries should get buy-now items only","invocations":1,"location":null,"numPassingAsserts":4,"retryReasons":[],"status":"passed","title":"should get buy-now items only"},{"ancestorTitles":["Auction Queries","Item Queries","searchItems (F3)"],"duration":2,"failureDetails":[],"failureMessages":[],"fullName":"Auction Queries Item Queries searchItems (F3) should search by keyword in title","invocations":1,"location":null,"numPassingAsserts":2,"retryReasons":[],"status":"passed","title":"should search by keyword in title"},{"ancestorTitles":["Auction Queries","Item Queries","searchItems (F3)"],"duration":1,"failureDetails":[],"failureMessages":[],"fullName":"Auction Queries Item Queries searchItems (F3) should search by keyword in description","invocations":1,"location":null,"numPassingAsserts":2,"retryReasons":[],"status":"passed","title":"should search by keyword in description"},{"ancestorTitles":["Auction Queries","Item Queries","searchItems (F3)"],"duration":1,"failureDetails":[],"failureMessages":[],"fullName":"Auction Queries Item Queries searchItems (F3) should filter by category","invocations":1,"location":null,"numPassingAsserts":3,"retryReasons":[],"status":"passed","title":"should filter by category"},{"ancestorTitles":["Auction Queries","Item Queries","searchItems (F3)"],"duration":2,"failureDetails":[],"failureMessages":[],"fullName":"Auction Queries Item Queries searchItems (F3) should filter by seller","invocations":1,"location":null,"numPassingAsserts":4,"retryReasons":[],"status":"passed","title":"should filter by seller"},{"ancestorTitles":["Auction Queries","Item Queries","searchItems (F3)"],"duration":1,"failureDetails":[],"failureMessages":[],"fullName":"Auction Queries Item Queries searchItems (F3) should filter by auction flag","invocations":1,"location":null,"numPassingAsserts":4,"retryReasons":[],"status":"passed","title":"should filter by auction flag"},{"ancestorTitles":["Auction Queries","Item Queries","searchItems (F3)"],"duration":2,"failureDetails":[],"failureMessages":[],"fullName":"Auction Queries Item Queries searchItems (F3) should combine multiple filters","invocations":1,"location":null,"numPassingAsserts":4,"retryReasons":[],"status":"passed","title":"should combine multiple filters"},{"ancestorTitles":["Auction Queries","Item Queries","searchItems (F3)"],"duration":1,"failureDetails":[],"failureMessages":[],"fullName":"Auction Queries Item Queries searchItems (F3) should limit results","invocations":1,"location":null,"numPassingAsserts":1,"retryReasons":[],"status":"passed","title":"should limit results"},{"ancestorTitles":["Auction Queries","Item Queries","searchItems (F3)"],"duration":2,"failureDetails":[],"failureMessages":[],"fullName":"Auction Queries Item Queries searchItems (F3) should return empty array for no matches","invocations":1,"location":null,"numPassingAsserts":1,"retryReasons":[],"status":"passed","title":"should return empty array for no matches"},{"ancestorTitles":["Auction Queries","Item Queries","getItemDetail (F4)"],"duration":1,"failureDetails":[],"failureMessages":[],"fullName":"Auction Queries Item Queries getItemDetail (F4) should get item with seller and category info","invocations":1,"location":null,"numPassingAsserts":6,"retryReasons":[],"status":"passed","title":"should get item with seller and category info"},{"ancestorTitles":["Auction Queries","Item Queries","getItemDetail (F4)"],"duration":1,"failureDetails":[],"failureMessages":[],"fullName":"Auction Queries Item Queries getItemDetail (F4) should return null for non-existent item","invocations":1,"location":null,"numPassingAsserts":1,"retryReasons":[],"status":"passed","title":"should return null for non-existent item"},{"ancestorTitles":["Auction Queries","Session Queries (F2)"],"duration":0,"failureDetails":[],"failureMessages":[],"fullName":"Auction Queries Session Queries (F2) should create session successfully","invocations":1,"location":null,"numPassingAsserts":4,"retryReasons":[],"status":"passed","title":"should create session successfully"},{"ancestorTitles":["Auction Queries","Session Queries (F2)"],"duration":1,"failureDetails":[],"failureMessages":[],"fullName":"Auction Queries Session Queries (F2) should get session by sessionId","invocations":1,"location":null,"numPassingAsserts":2,"retryReasons":[],"status":"passed","title":"should get session by sessionId"},{"ancestorTitles":["Auction Queries","Session Queries (F2)"],"duration":1,"failureDetails":[],"failureMessages":[],"fullName":"Auction Queries Session Queries (F2) should return null for non-existent session","invocations":1,"location":null,"numPassingAsserts":1,"retryReasons":[],"status":"passed","title":"should return null for non-existent session"},{"ancestorTitles":["Auction Queries","Session Queries (F2)"],"duration":0,"failureDetails":[],"failureMessages":[],"fullName":"Auction Queries Session Queries (F2) should get sessions by user id","invocations":1,"location":null,"numPassingAsserts":3,"retryReasons":[],"status":"passed","title":"should get sessions by user id"},{"ancestorTitles":["Auction Queries","Session Queries (F2)"],"duration":1,"failureDetails":[],"failureMessages":[],"fullName":"Auction Queries Session Queries (F2) should end session","invocations":1,"location":null,"numPassingAsserts":3,"retryReasons":[],"status":"passed","title":"should end session"},{"ancestorTitles":["Auction Queries","Session Queries (F2)"],"duration":1,"failureDetails":[],"failureMessages":[],"fullName":"Auction Queries Session Queries (F2) should handle ending non-existent session gracefully","invocations":1,"location":null,"numPassingAsserts":1,"retryReasons":[],"status":"passed","title":"should handle ending non-existent session gracefully"},{"ancestorTitles":["Auction Queries","Bid Queries (F5)"],"duration":1,"failureDetails":[],"failureMessages":[],"fullName":"Auction Queries Bid Queries (F5) should get bids by item","invocations":1,"location":null,"numPassingAsserts":3,"retryReasons":[],"status":"passed","title":"should get bids by item"},{"ancestorTitles":["Auction Queries","Bid Queries (F5)"],"duration":2,"failureDetails":[],"failureMessages":[],"fullName":"Auction Queries Bid Queries (F5) should get bids by user","invocations":1,"location":null,"numPassingAsserts":3,"retryReasons":[],"status":"passed","title":"should get bids by user"},{"ancestorTitles":["Auction Queries","Bid Queries (F5)"],"duration":1,"failureDetails":[],"failureMessages":[],"fullName":"Auction Queries Bid Queries (F5) should get bid by id","invocations":1,"location":null,"numPassingAsserts":3,"retryReasons":[],"status":"passed","title":"should get bid by id"},{"ancestorTitles":["Auction Queries","Bid Queries (F5)"],"duration":1,"failureDetails":[],"failureMessages":[],"fullName":"Auction Queries Bid Queries (F5) should return null for non-existent bid","invocations":1,"location":null,"numPassingAsserts":1,"retryReasons":[],"status":"passed","title":"should return null for non-existent bid"},{"ancestorTitles":["Auction Queries","Bid Queries (F5)"],"duration":3,"failureDetails":[],"failureMessages":[],"fullName":"Auction Queries Bid Queries (F5) should get winning bid","invocations":1,"location":null,"numPassingAsserts":3,"retryReasons":[],"status":"passed","title":"should get winning bid"},{"ancestorTitles":["Auction Queries","Bid Queries (F5)"],"duration":1,"failureDetails":[],"failureMessages":[],"fullName":"Auction Queries Bid Queries (F5) should return null when no winning bid exists","invocations":1,"location":null,"numPassingAsserts":1,"retryReasons":[],"status":"passed","title":"should return null when no winning bid exists"},{"ancestorTitles":["Auction Queries","Transaction Queries (F8)"],"duration":1,"failureDetails":[],"failureMessages":[],"fullName":"Auction Queries Transaction Queries (F8) should get transactions by user","invocations":1,"location":null,"numPassingAsserts":3,"retryReasons":[],"status":"passed","title":"should get transactions by user"},{"ancestorTitles":["Auction Queries","Transaction Queries (F8)"],"duration":1,"failureDetails":[],"failureMessages":[],"fullName":"Auction Queries Transaction Queries (F8) should get transaction by id","invocations":1,"location":null,"numPassingAsserts":2,"retryReasons":[],"status":"passed","title":"should get transaction by id"},{"ancestorTitles":["Auction Queries","Transaction Queries (F8)"],"duration":1,"failureDetails":[],"failureMessages":[],"fullName":"Auction Queries Transaction Queries (F8) should return null for non-existent transaction","invocations":1,"location":null,"numPassingAsserts":1,"retryReasons":[],"status":"passed","title":"should return null for non-existent transaction"},{"ancestorTitles":["Auction Queries","Transaction Queries (F8)"],"duration":1,"failureDetails":[],"failureMessages":[],"fullName":"Auction Queries Transaction Queries (F8) should get purchases by user","invocations":1,"location":null,"numPassingAsserts":2,"retryReasons":[],"status":"passed","title":"should get purchases by user"},{"ancestorTitles":["Auction Queries","Transaction Queries (F8)"],"duration":2,"failureDetails":[],"failureMessages":[],"fullName":"Auction Queries Transaction Queries (F8) should get sales by user","invocations":1,"location":null,"numPassingAsserts":5,"retryReasons":[],"status":"passed","title":"should get sales by user"},{"ancestorTitles":["Auction Queries","Payment Queries (F9)"],"duration":1,"failureDetails":[],"failureMessages":[],"fullName":"Auction Queries Payment Queries (F9) should get payment by id","invocations":1,"location":null,"numPassingAsserts":3,"retryReasons":[],"status":"passed","title":"should get payment by id"},{"ancestorTitles":["Auction Queries","Payment Queries (F9)"],"duration":1,"failureDetails":[],"failureMessages":[],"fullName":"Auction Queries Payment Queries (F9) should return null for non-existent payment","invocations":1,"location":null,"numPassingAsserts":1,"retryReasons":[],"status":"passed","title":"should return null for non-existent payment"},{"ancestorTitles":["Auction Queries","Payment Queries (F9)"],"duration":1,"failureDetails":[],"failureMessages":[],"fullName":"Auction Queries Payment Queries (F9) should get payments by transaction","invocations":1,"location":null,"numPassingAsserts":3,"retryReasons":[],"status":"passed","title":"should get payments by transaction"},{"ancestorTitles":["Auction Queries","Payment Queries (F9)"],"duration":1,"failureDetails":[],"failureMessages":[],"fullName":"Auction Queries Payment Queries (F9) should get mock card by number","invocations":1,"location":null,"numPassingAsserts":2,"retryReasons":[],"status":"passed","title":"should get mock card by number"},{"ancestorTitles":["Auction Queries","Payment Queries (F9)"],"duration":1,"failureDetails":[],"failureMessages":[],"fullName":"Auction Queries Payment Queries (F9) should return null for non-existent card","invocations":1,"location":null,"numPassingAsserts":1,"retryReasons":[],"status":"passed","title":"should return null for non-existent card"},{"ancestorTitles":["Auction Queries","Payment Queries (F9)"],"duration":1,"failureDetails":[],"failureMessages":[],"fullName":"Auction Queries Payment Queries (F9) should get all mock cards","invocations":1,"location":null,"numPassingAsserts":3,"retryReasons":[],"status":"passed","title":"should get all mock cards"},{"ancestorTitles":["Auction Queries","Inventory Queries (F8)"],"duration":1,"failureDetails":[],"failureMessages":[],"fullName":"Auction Queries Inventory Queries (F8) should get inventory by user","invocations":1,"location":null,"numPassingAsserts":3,"retryReasons":[],"status":"passed","title":"should get inventory by user"},{"ancestorTitles":["Auction Queries","Inventory Queries (F8)"],"duration":1,"failureDetails":[],"failureMessages":[],"fullName":"Auction Queries Inventory Queries (F8) should get inventory by item","invocations":1,"location":null,"numPassingAsserts":3,"retryReasons":[],"status":"passed","title":"should get inventory by item"},{"ancestorTitles":["Auction Queries","Inventory Queries (F8)"],"duration":1,"failureDetails":[],"failureMessages":[],"fullName":"Auction Queries Inventory Queries (F8) should get specific inventory item","invocations":1,"location":null,"numPassingAsserts":3,"retryReasons":[],"status":"passed","title":"should get specific inventory item"},{"ancestorTitles":["Auction Queries","Inventory Queries (F8)"],"duration":1,"failureDetails":[],"failureMessages":[],"fullName":"Auction Queries Inventory Queries (F8) should return null for non-existent inventory item","invocations":1,"location":null,"numPassingAsserts":1,"retryReasons":[],"status":"passed","title":"should return null for non-existent inventory item"},{"ancestorTitles":["Auction Queries","Listing Queries (F7)"],"duration":1,"failureDetails":[],"failureMessages":[],"fullName":"Auction Queries Listing Queries (F7) should get listings by user","invocations":1,"location":null,"numPassingAsserts":3,"retryReasons":[],"status":"passed","title":"should get listings by user"},{"ancestorTitles":["Auction Queries","Listing Queries (F7)"],"duration":1,"failureDetails":[],"failureMessages":[],"fullName":"Auction Queries Listing Queries (F7) should get listing by id","invocations":1,"location":null,"numPassingAsserts":3,"retryReasons":[],"status":"passed","title":"should get listing by id"},{"ancestorTitles":["Auction Queries","Listing Queries (F7)"],"duration":1,"failureDetails":[],"failureMessages":[],"fullName":"Auction Queries Listing Queries (F7) should return null for non-existent listing","invocations":1,"location":null,"numPassingAsserts":1,"retryReasons":[],"status":"passed","title":"should return null for non-existent listing"},{"ancestorTitles":["Auction Queries","Listing Queries (F7)"],"duration":1,"failureDetails":[],"failureMessages":[],"fullName":"Auction Queries Listing Queries (F7) should get active listings only","invocations":1,"location":null,"numPassingAsserts":3,"retryReasons":[],"status":"passed","title":"should get active listings only"}],"endTime":1762756037393,"message":"","name":"/Volumes/Unify/andojo/andojo-monorepo/apps/auction/src/__tests__/unit/queries.test.ts","startTime":1762756037256,"status":"passed","summary":""}],"wasInterrupted":false}
